[[1;95mB[m] Betterlockscreen
[[1;92m*[m] Running prelock...
[[1;92m*[m] Locking screen...
[[1;92m*[m] Running postlock...
[[1;95mB[m] Betterlockscreen
[[1;92m*[m] Running prelock...
[[1;92m*[m] Locking screen...
[[1;92m*[m] Running postlock...
[[1;95mB[m] Betterlockscreen
[[1;92m*[m] Running prelock...
[[1;92m*[m] Locking screen...
[[1;95mB[m] Betterlockscreen
143050
143051
[[1;91m![m] i3lock already running
[[1;92m*[m] Running postlock...
[[1;95mB[m] Betterlockscreen
[[1;92m*[m] Running prelock...
[[1;92m*[m] Locking screen...
[[1;95mB[m] Betterlockscreen
154603
154604
[[1;91m![m] i3lock already running
[[1;92m*[m] Running postlock...
[[1;95mB[m] Betterlockscreen
[[1;92m*[m] Running prelock...
[[1;92m*[m] Locking screen...
[[1;95mB[m] Betterlockscreen
160829
160830
[[1;91m![m] i3lock already running
[[1;92m*[m] Running postlock...
/home/gaurav/.local/bin/lock.sh: line 25: 117411 Segmentation fault      (core dumped) xidlehook --socket "/tmp/xidlehook.socket" `# Don't lock when there's a fullscreen application` --not-when-fullscreen `# Don't lock when there's audio playing` --not-when-audio `# Dim the screen after 5 minutes, undim if user becomes active` --timer 240 'xrandr --output "$PRIMARY_DISPLAY" --brightness .1' 'xrandr --output "$PRIMARY_DISPLAY" --brightness 1' `# Undim & lock after 60 more seconds` --timer 10 'xrandr --output "$PRIMARY_DISPLAY" --brightness 1;betterlockscreen --lock dimblur' '' `# Finally, suspend 3 minutes after it locks` --timer 180 'xrandr --output "$PRIMARY_DISPLAY" --brightness 1 && systemctl suspend' ''
